<?xml version="1.0" encoding="UTF-8"?>
<testng-results ignored="0" total="3" passed="3" failed="0" skipped="0">
  <reporter-output>
  </reporter-output>
  <suite started-at="2024-03-18T11:56:57 IST" name="Suite" finished-at="2024-03-18T11:58:36 IST" duration-ms="99006">
    <groups>
    </groups>
    <test started-at="2024-03-18T11:56:57 IST" name="Test" finished-at="2024-03-18T11:58:36 IST" duration-ms="99006">
      <class name="testCases.TestCase01">
        <test-method is-config="true" signature="setup()[pri:0, instance:testCases.TestCase01@6e6f2380]" started-at="2024-03-18T11:56:57 IST" name="setup" finished-at="2024-03-18T11:57:03 IST" duration-ms="5341" status="PASS">
          <reporter-output>
          </reporter-output>
        </test-method> <!-- setup -->
        <test-method signature="test1()[pri:0, instance:testCases.TestCase01@6e6f2380]" started-at="2024-03-18T11:57:03 IST" name="test1" finished-at="2024-03-18T11:57:11 IST" duration-ms="8242" status="PASS">
          <reporter-output>
          </reporter-output>
        </test-method> <!-- test1 -->
        <test-method is-config="true" signature="close()[pri:0, instance:testCases.TestCase01@6e6f2380]" started-at="2024-03-18T11:57:11 IST" name="close" finished-at="2024-03-18T11:57:13 IST" duration-ms="2146" status="PASS">
          <reporter-output>
          </reporter-output>
        </test-method> <!-- close -->
      </class> <!-- testCases.TestCase01 -->
      <class name="testCases.TestCase02">
        <test-method is-config="true" signature="setup()[pri:0, instance:testCases.TestCase02@7d0b7e3c]" started-at="2024-03-18T11:57:13 IST" name="setup" finished-at="2024-03-18T11:57:18 IST" duration-ms="4382" status="PASS">
          <reporter-output>
          </reporter-output>
        </test-method> <!-- setup -->
        <test-method signature="test2()[pri:0, instance:testCases.TestCase02@7d0b7e3c]" started-at="2024-03-18T11:57:18 IST" name="test2" finished-at="2024-03-18T11:57:34 IST" duration-ms="16222" status="PASS">
          <reporter-output>
          </reporter-output>
        </test-method> <!-- test2 -->
        <test-method is-config="true" signature="close()[pri:0, instance:testCases.TestCase02@7d0b7e3c]" started-at="2024-03-18T11:57:34 IST" name="close" finished-at="2024-03-18T11:57:36 IST" duration-ms="2489" status="PASS">
          <reporter-output>
          </reporter-output>
        </test-method> <!-- close -->
      </class> <!-- testCases.TestCase02 -->
      <class name="testCases.TestCase03">
        <test-method is-config="true" signature="setup()[pri:0, instance:testCases.TestCase03@15bb5034]" started-at="2024-03-18T11:57:36 IST" name="setup" finished-at="2024-03-18T11:57:41 IST" duration-ms="4693" status="PASS">
          <reporter-output>
          </reporter-output>
        </test-method> <!-- setup -->
        <test-method signature="test1()[pri:0, instance:testCases.TestCase03@15bb5034]" started-at="2024-03-18T11:57:41 IST" name="test1" finished-at="2024-03-18T11:58:35 IST" duration-ms="53607" status="PASS">
          <reporter-output>
          </reporter-output>
        </test-method> <!-- test1 -->
        <test-method is-config="true" signature="close()[pri:0, instance:testCases.TestCase03@15bb5034]" started-at="2024-03-18T11:58:35 IST" name="close" finished-at="2024-03-18T11:58:36 IST" duration-ms="1581" status="PASS">
          <reporter-output>
          </reporter-output>
        </test-method> <!-- close -->
      </class> <!-- testCases.TestCase03 -->
    </test> <!-- Test -->
  </suite> <!-- Suite -->
</testng-results>
